[2025-02-28T03:35:07.343+0000] {taskinstance.py:1956} INFO - Dependencies all met for dep_context=non-requeueable deps ti=<TaskInstance: crypto_etl_dag.load_to_postgres_file scheduled__2025-02-28T03:30:00+00:00 [queued]>
[2025-02-28T03:35:07.355+0000] {taskinstance.py:1956} INFO - Dependencies all met for dep_context=requeueable deps ti=<TaskInstance: crypto_etl_dag.load_to_postgres_file scheduled__2025-02-28T03:30:00+00:00 [queued]>
[2025-02-28T03:35:07.356+0000] {taskinstance.py:2170} INFO - Starting attempt 1 of 1
[2025-02-28T03:35:07.374+0000] {taskinstance.py:2191} INFO - Executing <Task(BashOperator): load_to_postgres_file> on 2025-02-28 03:30:00+00:00
[2025-02-28T03:35:07.382+0000] {standard_task_runner.py:60} INFO - Started process 298 to run task
[2025-02-28T03:35:07.389+0000] {standard_task_runner.py:87} INFO - Running: ['***', 'tasks', 'run', 'crypto_etl_dag', 'load_to_postgres_file', 'scheduled__2025-02-28T03:30:00+00:00', '--job-id', '10', '--raw', '--subdir', 'DAGS_FOLDER/crypto_etl_dag.py', '--cfg-path', '/tmp/tmp2k5fh0u1']
[2025-02-28T03:35:07.394+0000] {standard_task_runner.py:88} INFO - Job 10: Subtask load_to_postgres_file
[2025-02-28T03:35:07.478+0000] {task_command.py:423} INFO - Running <TaskInstance: crypto_etl_dag.load_to_postgres_file scheduled__2025-02-28T03:30:00+00:00 [running]> on host 335ace54b661
[2025-02-28T03:35:07.669+0000] {taskinstance.py:2480} INFO - Exporting env vars: AIRFLOW_CTX_DAG_OWNER='***' AIRFLOW_CTX_DAG_ID='crypto_etl_dag' AIRFLOW_CTX_TASK_ID='load_to_postgres_file' AIRFLOW_CTX_EXECUTION_DATE='2025-02-28T03:30:00+00:00' AIRFLOW_CTX_TRY_NUMBER='1' AIRFLOW_CTX_DAG_RUN_ID='scheduled__2025-02-28T03:30:00+00:00'
[2025-02-28T03:35:07.677+0000] {subprocess.py:63} INFO - Tmp dir root location: /tmp
[2025-02-28T03:35:07.678+0000] {subprocess.py:75} INFO - Running command: ['/usr/bin/bash', '-c', 'python /opt/***/dags/scripts/load_to_postgres.py']
[2025-02-28T03:35:07.698+0000] {subprocess.py:86} INFO - Output:
[2025-02-28T03:35:09.194+0000] {subprocess.py:93} INFO - [INFO] Đã tải file '2025/02/28/10-35-04.csv' từ MinIO
[2025-02-28T03:35:09.196+0000] {subprocess.py:93} INFO - [INFO] Đã nạp 10 bản ghi vào Data Warehouse thành công.
[2025-02-28T03:35:09.196+0000] {subprocess.py:93} INFO - [INFO] Quá trình ETL hoàn tất. Đã xử lý 1 file mới từ MinIO.
[2025-02-28T03:35:09.328+0000] {subprocess.py:97} INFO - Command exited with return code 0
[2025-02-28T03:35:09.384+0000] {taskinstance.py:1138} INFO - Marking task as SUCCESS. dag_id=crypto_etl_dag, task_id=load_to_postgres_file, execution_date=20250228T033000, start_date=20250228T033507, end_date=20250228T033509
[2025-02-28T03:35:09.448+0000] {local_task_job_runner.py:234} INFO - Task exited with return code 0
[2025-02-28T03:35:09.520+0000] {taskinstance.py:3280} INFO - 0 downstream tasks scheduled from follow-on schedule check
[2025-02-28T03:38:57.420+0000] {taskinstance.py:1956} INFO - Dependencies all met for dep_context=non-requeueable deps ti=<TaskInstance: crypto_etl_dag.load_to_postgres_file scheduled__2025-02-28T03:30:00+00:00 [queued]>
[2025-02-28T03:38:57.433+0000] {taskinstance.py:1956} INFO - Dependencies all met for dep_context=requeueable deps ti=<TaskInstance: crypto_etl_dag.load_to_postgres_file scheduled__2025-02-28T03:30:00+00:00 [queued]>
[2025-02-28T03:38:57.434+0000] {taskinstance.py:2170} INFO - Starting attempt 1 of 1
[2025-02-28T03:38:57.456+0000] {taskinstance.py:2191} INFO - Executing <Task(BashOperator): load_to_postgres_file> on 2025-02-28 03:30:00+00:00
[2025-02-28T03:38:57.462+0000] {standard_task_runner.py:60} INFO - Started process 381 to run task
[2025-02-28T03:38:57.467+0000] {standard_task_runner.py:87} INFO - Running: ['***', 'tasks', 'run', 'crypto_etl_dag', 'load_to_postgres_file', 'scheduled__2025-02-28T03:30:00+00:00', '--job-id', '12', '--raw', '--subdir', 'DAGS_FOLDER/crypto_etl_dag.py', '--cfg-path', '/tmp/tmpahs9pkjy']
[2025-02-28T03:38:57.471+0000] {standard_task_runner.py:88} INFO - Job 12: Subtask load_to_postgres_file
[2025-02-28T03:38:57.552+0000] {task_command.py:423} INFO - Running <TaskInstance: crypto_etl_dag.load_to_postgres_file scheduled__2025-02-28T03:30:00+00:00 [running]> on host 335ace54b661
[2025-02-28T03:38:57.659+0000] {taskinstance.py:2480} INFO - Exporting env vars: AIRFLOW_CTX_DAG_OWNER='***' AIRFLOW_CTX_DAG_ID='crypto_etl_dag' AIRFLOW_CTX_TASK_ID='load_to_postgres_file' AIRFLOW_CTX_EXECUTION_DATE='2025-02-28T03:30:00+00:00' AIRFLOW_CTX_TRY_NUMBER='1' AIRFLOW_CTX_DAG_RUN_ID='scheduled__2025-02-28T03:30:00+00:00'
[2025-02-28T03:38:57.663+0000] {subprocess.py:63} INFO - Tmp dir root location: /tmp
[2025-02-28T03:38:57.664+0000] {subprocess.py:75} INFO - Running command: ['/usr/bin/bash', '-c', 'python /opt/***/dags/scripts/load_to_postgres.py']
[2025-02-28T03:38:57.681+0000] {subprocess.py:86} INFO - Output:
[2025-02-28T03:38:59.080+0000] {subprocess.py:93} INFO - [INFO] Đã tải file '2025/02/28/10-38-55.csv' từ MinIO
[2025-02-28T03:38:59.081+0000] {subprocess.py:93} INFO - [INFO] Đã nạp 10 bản ghi vào Data Warehouse thành công.
[2025-02-28T03:38:59.082+0000] {subprocess.py:93} INFO - [INFO] Quá trình ETL hoàn tất. Đã xử lý 1 file mới từ MinIO.
[2025-02-28T03:38:59.173+0000] {subprocess.py:97} INFO - Command exited with return code 0
[2025-02-28T03:38:59.203+0000] {taskinstance.py:1138} INFO - Marking task as SUCCESS. dag_id=crypto_etl_dag, task_id=load_to_postgres_file, execution_date=20250228T033000, start_date=20250228T033857, end_date=20250228T033859
[2025-02-28T03:38:59.246+0000] {local_task_job_runner.py:234} INFO - Task exited with return code 0
[2025-02-28T03:38:59.267+0000] {taskinstance.py:3280} INFO - 0 downstream tasks scheduled from follow-on schedule check
