[2025-02-26T09:54:52.440+0000] {taskinstance.py:1956} INFO - Dependencies all met for dep_context=non-requeueable deps ti=<TaskInstance: crypto_etl_dag.extract_coingecko scheduled__2025-02-25T00:00:00+00:00 [queued]>
[2025-02-26T09:54:52.455+0000] {taskinstance.py:1956} INFO - Dependencies all met for dep_context=requeueable deps ti=<TaskInstance: crypto_etl_dag.extract_coingecko scheduled__2025-02-25T00:00:00+00:00 [queued]>
[2025-02-26T09:54:52.456+0000] {taskinstance.py:2170} INFO - Starting attempt 1 of 1
[2025-02-26T09:54:52.477+0000] {taskinstance.py:2191} INFO - Executing <Task(PythonOperator): extract_coingecko> on 2025-02-25 00:00:00+00:00
[2025-02-26T09:54:52.486+0000] {standard_task_runner.py:60} INFO - Started process 107 to run task
[2025-02-26T09:54:52.490+0000] {standard_task_runner.py:87} INFO - Running: ['***', 'tasks', 'run', 'crypto_etl_dag', 'extract_coingecko', 'scheduled__2025-02-25T00:00:00+00:00', '--job-id', '3', '--raw', '--subdir', 'DAGS_FOLDER/crypto_etl_dag.py', '--cfg-path', '/tmp/tmp8lf9geey']
[2025-02-26T09:54:52.494+0000] {standard_task_runner.py:88} INFO - Job 3: Subtask extract_coingecko
[2025-02-26T09:54:52.576+0000] {task_command.py:423} INFO - Running <TaskInstance: crypto_etl_dag.extract_coingecko scheduled__2025-02-25T00:00:00+00:00 [running]> on host 5524d49e6913
[2025-02-26T09:54:52.679+0000] {taskinstance.py:2480} INFO - Exporting env vars: AIRFLOW_CTX_DAG_OWNER='***' AIRFLOW_CTX_DAG_ID='crypto_etl_dag' AIRFLOW_CTX_TASK_ID='extract_coingecko' AIRFLOW_CTX_EXECUTION_DATE='2025-02-25T00:00:00+00:00' AIRFLOW_CTX_TRY_NUMBER='1' AIRFLOW_CTX_DAG_RUN_ID='scheduled__2025-02-25T00:00:00+00:00'
[2025-02-26T09:54:53.200+0000] {logging_mixin.py:188} INFO - [extract_coingecko] Đã lưu dữ liệu vào file '/opt/***/dags/coin_data.csv'
[2025-02-26T09:54:53.202+0000] {python.py:201} INFO - Done. Returned value was: None
[2025-02-26T09:54:53.214+0000] {taskinstance.py:1138} INFO - Marking task as SUCCESS. dag_id=crypto_etl_dag, task_id=extract_coingecko, execution_date=20250225T000000, start_date=20250226T095452, end_date=20250226T095453
[2025-02-26T09:54:53.266+0000] {local_task_job_runner.py:234} INFO - Task exited with return code 0
[2025-02-26T09:54:53.298+0000] {taskinstance.py:3280} INFO - 1 downstream tasks scheduled from follow-on schedule check
[2025-02-26T14:03:37.695+0000] {taskinstance.py:1956} INFO - Dependencies all met for dep_context=non-requeueable deps ti=<TaskInstance: crypto_etl_dag.extract_coingecko scheduled__2025-02-25T00:00:00+00:00 [queued]>
[2025-02-26T14:03:37.708+0000] {taskinstance.py:1956} INFO - Dependencies all met for dep_context=requeueable deps ti=<TaskInstance: crypto_etl_dag.extract_coingecko scheduled__2025-02-25T00:00:00+00:00 [queued]>
[2025-02-26T14:03:37.709+0000] {taskinstance.py:2170} INFO - Starting attempt 1 of 1
[2025-02-26T14:03:37.730+0000] {taskinstance.py:2191} INFO - Executing <Task(PythonOperator): extract_coingecko> on 2025-02-25 00:00:00+00:00
[2025-02-26T14:03:37.738+0000] {standard_task_runner.py:60} INFO - Started process 115 to run task
[2025-02-26T14:03:37.743+0000] {standard_task_runner.py:87} INFO - Running: ['***', 'tasks', 'run', 'crypto_etl_dag', 'extract_coingecko', 'scheduled__2025-02-25T00:00:00+00:00', '--job-id', '3', '--raw', '--subdir', 'DAGS_FOLDER/crypto_etl_dag.py', '--cfg-path', '/tmp/tmpp2u8c_yn']
[2025-02-26T14:03:37.746+0000] {standard_task_runner.py:88} INFO - Job 3: Subtask extract_coingecko
[2025-02-26T14:03:37.830+0000] {task_command.py:423} INFO - Running <TaskInstance: crypto_etl_dag.extract_coingecko scheduled__2025-02-25T00:00:00+00:00 [running]> on host 74ac31fd091a
[2025-02-26T14:03:37.975+0000] {taskinstance.py:2480} INFO - Exporting env vars: AIRFLOW_CTX_DAG_OWNER='***' AIRFLOW_CTX_DAG_ID='crypto_etl_dag' AIRFLOW_CTX_TASK_ID='extract_coingecko' AIRFLOW_CTX_EXECUTION_DATE='2025-02-25T00:00:00+00:00' AIRFLOW_CTX_TRY_NUMBER='1' AIRFLOW_CTX_DAG_RUN_ID='scheduled__2025-02-25T00:00:00+00:00'
[2025-02-26T14:03:38.652+0000] {logging_mixin.py:188} INFO - [extract_coingecko] Đã lưu dữ liệu vào file '/opt/***/dags/coin_data.csv'
[2025-02-26T14:03:38.655+0000] {python.py:201} INFO - Done. Returned value was: None
[2025-02-26T14:03:38.671+0000] {taskinstance.py:1138} INFO - Marking task as SUCCESS. dag_id=crypto_etl_dag, task_id=extract_coingecko, execution_date=20250225T000000, start_date=20250226T140337, end_date=20250226T140338
[2025-02-26T14:03:38.723+0000] {local_task_job_runner.py:234} INFO - Task exited with return code 0
[2025-02-26T14:03:38.765+0000] {taskinstance.py:3280} INFO - 1 downstream tasks scheduled from follow-on schedule check
[2025-02-26T14:57:16.385+0000] {taskinstance.py:1956} INFO - Dependencies all met for dep_context=non-requeueable deps ti=<TaskInstance: crypto_etl_dag.extract_coingecko scheduled__2025-02-25T00:00:00+00:00 [queued]>
[2025-02-26T14:57:16.396+0000] {taskinstance.py:1956} INFO - Dependencies all met for dep_context=requeueable deps ti=<TaskInstance: crypto_etl_dag.extract_coingecko scheduled__2025-02-25T00:00:00+00:00 [queued]>
[2025-02-26T14:57:16.397+0000] {taskinstance.py:2170} INFO - Starting attempt 1 of 1
[2025-02-26T14:57:16.416+0000] {taskinstance.py:2191} INFO - Executing <Task(PythonOperator): extract_coingecko> on 2025-02-25 00:00:00+00:00
[2025-02-26T14:57:16.424+0000] {standard_task_runner.py:60} INFO - Started process 100 to run task
[2025-02-26T14:57:16.428+0000] {standard_task_runner.py:87} INFO - Running: ['***', 'tasks', 'run', 'crypto_etl_dag', 'extract_coingecko', 'scheduled__2025-02-25T00:00:00+00:00', '--job-id', '7', '--raw', '--subdir', 'DAGS_FOLDER/crypto_etl_dag.py', '--cfg-path', '/tmp/tmp82t1j2je']
[2025-02-26T14:57:16.430+0000] {standard_task_runner.py:88} INFO - Job 7: Subtask extract_coingecko
[2025-02-26T14:57:16.513+0000] {task_command.py:423} INFO - Running <TaskInstance: crypto_etl_dag.extract_coingecko scheduled__2025-02-25T00:00:00+00:00 [running]> on host ca409a95843a
[2025-02-26T14:57:16.622+0000] {taskinstance.py:2480} INFO - Exporting env vars: AIRFLOW_CTX_DAG_OWNER='***' AIRFLOW_CTX_DAG_ID='crypto_etl_dag' AIRFLOW_CTX_TASK_ID='extract_coingecko' AIRFLOW_CTX_EXECUTION_DATE='2025-02-25T00:00:00+00:00' AIRFLOW_CTX_TRY_NUMBER='1' AIRFLOW_CTX_DAG_RUN_ID='scheduled__2025-02-25T00:00:00+00:00'
[2025-02-26T14:57:17.214+0000] {logging_mixin.py:188} INFO - [extract_coingecko] Đã lưu dữ liệu vào file '/opt/***/dags/coin_data.csv'
[2025-02-26T14:57:17.216+0000] {python.py:201} INFO - Done. Returned value was: None
[2025-02-26T14:57:17.226+0000] {taskinstance.py:1138} INFO - Marking task as SUCCESS. dag_id=crypto_etl_dag, task_id=extract_coingecko, execution_date=20250225T000000, start_date=20250226T145716, end_date=20250226T145717
[2025-02-26T14:57:17.285+0000] {local_task_job_runner.py:234} INFO - Task exited with return code 0
[2025-02-26T14:57:17.310+0000] {taskinstance.py:3280} INFO - 1 downstream tasks scheduled from follow-on schedule check
