[2025-02-27T05:20:13.389+0000] {taskinstance.py:1956} INFO - Dependencies all met for dep_context=non-requeueable deps ti=<TaskInstance: crypto_etl_dag.dbt_run scheduled__2025-02-26T00:00:00+00:00 [queued]>
[2025-02-27T05:20:13.399+0000] {taskinstance.py:1956} INFO - Dependencies all met for dep_context=requeueable deps ti=<TaskInstance: crypto_etl_dag.dbt_run scheduled__2025-02-26T00:00:00+00:00 [queued]>
[2025-02-27T05:20:13.399+0000] {taskinstance.py:2170} INFO - Starting attempt 1 of 1
[2025-02-27T05:20:13.416+0000] {taskinstance.py:2191} INFO - Executing <Task(PythonOperator): dbt_run> on 2025-02-26 00:00:00+00:00
[2025-02-27T05:20:13.421+0000] {standard_task_runner.py:60} INFO - Started process 96 to run task
[2025-02-27T05:20:13.424+0000] {standard_task_runner.py:87} INFO - Running: ['***', 'tasks', 'run', 'crypto_etl_dag', 'dbt_run', 'scheduled__2025-02-26T00:00:00+00:00', '--job-id', '17', '--raw', '--subdir', 'DAGS_FOLDER/crypto_etl_dag.py', '--cfg-path', '/tmp/tmpwu30urls']
[2025-02-27T05:20:13.425+0000] {standard_task_runner.py:88} INFO - Job 17: Subtask dbt_run
[2025-02-27T05:20:13.584+0000] {task_command.py:423} INFO - Running <TaskInstance: crypto_etl_dag.dbt_run scheduled__2025-02-26T00:00:00+00:00 [running]> on host ca409a95843a
[2025-02-27T05:20:13.742+0000] {taskinstance.py:2480} INFO - Exporting env vars: AIRFLOW_CTX_DAG_OWNER='***' AIRFLOW_CTX_DAG_ID='crypto_etl_dag' AIRFLOW_CTX_TASK_ID='dbt_run' AIRFLOW_CTX_EXECUTION_DATE='2025-02-26T00:00:00+00:00' AIRFLOW_CTX_TRY_NUMBER='1' AIRFLOW_CTX_DAG_RUN_ID='scheduled__2025-02-26T00:00:00+00:00'
[2025-02-27T05:20:13.755+0000] {taskinstance.py:2698} ERROR - Task failed with exception
Traceback (most recent call last):
  File "/home/airflow/.local/lib/python3.8/site-packages/airflow/models/taskinstance.py", line 433, in _execute_task
    result = execute_callable(context=context, **execute_callable_kwargs)
  File "/home/airflow/.local/lib/python3.8/site-packages/airflow/operators/python.py", line 199, in execute
    return_value = self.execute_callable()
  File "/home/airflow/.local/lib/python3.8/site-packages/airflow/operators/python.py", line 216, in execute_callable
    return self.python_callable(*self.op_args, **self.op_kwargs)
  File "/opt/airflow/dags/crypto_etl_dag.py", line 31, in dbt_run_task_func
    subprocess.run(cmd, check=True)
  File "/usr/local/lib/python3.8/subprocess.py", line 493, in run
    with Popen(*popenargs, **kwargs) as process:
  File "/usr/local/lib/python3.8/subprocess.py", line 858, in __init__
    self._execute_child(args, executable, preexec_fn, close_fds,
  File "/usr/local/lib/python3.8/subprocess.py", line 1720, in _execute_child
    raise child_exception_type(errno_num, err_msg, err_filename)
PermissionError: [Errno 13] Permission denied: 'dbt'
[2025-02-27T05:20:13.770+0000] {taskinstance.py:1138} INFO - Marking task as FAILED. dag_id=crypto_etl_dag, task_id=dbt_run, execution_date=20250226T000000, start_date=20250227T052013, end_date=20250227T052013
[2025-02-27T05:20:13.783+0000] {standard_task_runner.py:107} ERROR - Failed to execute job 17 for task dbt_run ([Errno 13] Permission denied: 'dbt'; 96)
[2025-02-27T05:20:13.799+0000] {local_task_job_runner.py:234} INFO - Task exited with return code 1
[2025-02-27T05:20:13.820+0000] {taskinstance.py:3280} INFO - 0 downstream tasks scheduled from follow-on schedule check
