[2025-02-26T15:01:17.356+0000] {taskinstance.py:1956} INFO - Dependencies all met for dep_context=non-requeueable deps ti=<TaskInstance: crypto_etl_dag.dbt_run manual__2025-02-26T15:01:07.722253+00:00 [queued]>
[2025-02-26T15:01:17.374+0000] {taskinstance.py:1956} INFO - Dependencies all met for dep_context=requeueable deps ti=<TaskInstance: crypto_etl_dag.dbt_run manual__2025-02-26T15:01:07.722253+00:00 [queued]>
[2025-02-26T15:01:17.375+0000] {taskinstance.py:2170} INFO - Starting attempt 1 of 1
[2025-02-26T15:01:17.404+0000] {taskinstance.py:2191} INFO - Executing <Task(PythonOperator): dbt_run> on 2025-02-26 15:01:07.722253+00:00
[2025-02-26T15:01:17.420+0000] {standard_task_runner.py:60} INFO - Started process 172 to run task
[2025-02-26T15:01:17.424+0000] {standard_task_runner.py:87} INFO - Running: ['***', 'tasks', 'run', 'crypto_etl_dag', 'dbt_run', 'manual__2025-02-26T15:01:07.722253+00:00', '--job-id', '12', '--raw', '--subdir', 'DAGS_FOLDER/crypto_etl_dag.py', '--cfg-path', '/tmp/tmpujdik_2q']
[2025-02-26T15:01:17.426+0000] {standard_task_runner.py:88} INFO - Job 12: Subtask dbt_run
[2025-02-26T15:01:17.531+0000] {task_command.py:423} INFO - Running <TaskInstance: crypto_etl_dag.dbt_run manual__2025-02-26T15:01:07.722253+00:00 [running]> on host ca409a95843a
[2025-02-26T15:01:17.619+0000] {taskinstance.py:2480} INFO - Exporting env vars: AIRFLOW_CTX_DAG_OWNER='***' AIRFLOW_CTX_DAG_ID='crypto_etl_dag' AIRFLOW_CTX_TASK_ID='dbt_run' AIRFLOW_CTX_EXECUTION_DATE='2025-02-26T15:01:07.722253+00:00' AIRFLOW_CTX_TRY_NUMBER='1' AIRFLOW_CTX_DAG_RUN_ID='manual__2025-02-26T15:01:07.722253+00:00'
[2025-02-26T15:01:17.633+0000] {taskinstance.py:2698} ERROR - Task failed with exception
Traceback (most recent call last):
  File "/home/airflow/.local/lib/python3.8/site-packages/airflow/models/taskinstance.py", line 433, in _execute_task
    result = execute_callable(context=context, **execute_callable_kwargs)
  File "/home/airflow/.local/lib/python3.8/site-packages/airflow/operators/python.py", line 199, in execute
    return_value = self.execute_callable()
  File "/home/airflow/.local/lib/python3.8/site-packages/airflow/operators/python.py", line 216, in execute_callable
    return self.python_callable(*self.op_args, **self.op_kwargs)
  File "/opt/airflow/dags/crypto_etl_dag.py", line 31, in dbt_run_task_func
    subprocess.run(cmd, check=True)
  File "/usr/local/lib/python3.8/subprocess.py", line 493, in run
    with Popen(*popenargs, **kwargs) as process:
  File "/usr/local/lib/python3.8/subprocess.py", line 858, in __init__
    self._execute_child(args, executable, preexec_fn, close_fds,
  File "/usr/local/lib/python3.8/subprocess.py", line 1720, in _execute_child
    raise child_exception_type(errno_num, err_msg, err_filename)
PermissionError: [Errno 13] Permission denied: 'dbt'
[2025-02-26T15:01:17.650+0000] {taskinstance.py:1138} INFO - Marking task as FAILED. dag_id=crypto_etl_dag, task_id=dbt_run, execution_date=20250226T150107, start_date=20250226T150117, end_date=20250226T150117
[2025-02-26T15:01:17.667+0000] {standard_task_runner.py:107} ERROR - Failed to execute job 12 for task dbt_run ([Errno 13] Permission denied: 'dbt'; 172)
[2025-02-26T15:01:17.717+0000] {local_task_job_runner.py:234} INFO - Task exited with return code 1
[2025-02-26T15:01:17.736+0000] {taskinstance.py:3280} INFO - 0 downstream tasks scheduled from follow-on schedule check
