[2025-02-28T03:35:02.613+0000] {taskinstance.py:1956} INFO - Dependencies all met for dep_context=non-requeueable deps ti=<TaskInstance: crypto_etl_dag.extract_coingecko_file scheduled__2025-02-28T03:30:00+00:00 [queued]>
[2025-02-28T03:35:02.626+0000] {taskinstance.py:1956} INFO - Dependencies all met for dep_context=requeueable deps ti=<TaskInstance: crypto_etl_dag.extract_coingecko_file scheduled__2025-02-28T03:30:00+00:00 [queued]>
[2025-02-28T03:35:02.628+0000] {taskinstance.py:2170} INFO - Starting attempt 1 of 1
[2025-02-28T03:35:02.653+0000] {taskinstance.py:2191} INFO - Executing <Task(BashOperator): extract_coingecko_file> on 2025-02-28 03:30:00+00:00
[2025-02-28T03:35:02.662+0000] {standard_task_runner.py:60} INFO - Started process 285 to run task
[2025-02-28T03:35:02.668+0000] {standard_task_runner.py:87} INFO - Running: ['***', 'tasks', 'run', 'crypto_etl_dag', 'extract_coingecko_file', 'scheduled__2025-02-28T03:30:00+00:00', '--job-id', '9', '--raw', '--subdir', 'DAGS_FOLDER/crypto_etl_dag.py', '--cfg-path', '/tmp/tmplxuwm0t6']
[2025-02-28T03:35:02.674+0000] {standard_task_runner.py:88} INFO - Job 9: Subtask extract_coingecko_file
[2025-02-28T03:35:02.793+0000] {task_command.py:423} INFO - Running <TaskInstance: crypto_etl_dag.extract_coingecko_file scheduled__2025-02-28T03:30:00+00:00 [running]> on host 335ace54b661
[2025-02-28T03:35:02.955+0000] {taskinstance.py:2480} INFO - Exporting env vars: AIRFLOW_CTX_DAG_OWNER='***' AIRFLOW_CTX_DAG_ID='crypto_etl_dag' AIRFLOW_CTX_TASK_ID='extract_coingecko_file' AIRFLOW_CTX_EXECUTION_DATE='2025-02-28T03:30:00+00:00' AIRFLOW_CTX_TRY_NUMBER='1' AIRFLOW_CTX_DAG_RUN_ID='scheduled__2025-02-28T03:30:00+00:00'
[2025-02-28T03:35:02.958+0000] {subprocess.py:63} INFO - Tmp dir root location: /tmp
[2025-02-28T03:35:02.959+0000] {subprocess.py:75} INFO - Running command: ['/usr/bin/bash', '-c', 'python /opt/***/dags/scripts/extract_coingecko.py']
[2025-02-28T03:35:02.974+0000] {subprocess.py:86} INFO - Output:
[2025-02-28T03:35:04.984+0000] {subprocess.py:93} INFO - [extract_coingecko] Đã lưu dữ liệu vào file 'coin_data.csv'
[2025-02-28T03:35:04.985+0000] {subprocess.py:93} INFO - Bucket 'coin-bucket' đã tồn tại.
[2025-02-28T03:35:04.986+0000] {subprocess.py:93} INFO - [upload_minio] Đã upload file 'coin_data.csv' lên MinIO tại '2025/02/28/10-35-04.csv' (giờ VN)
[2025-02-28T03:35:05.083+0000] {subprocess.py:97} INFO - Command exited with return code 0
[2025-02-28T03:35:05.112+0000] {taskinstance.py:1138} INFO - Marking task as SUCCESS. dag_id=crypto_etl_dag, task_id=extract_coingecko_file, execution_date=20250228T033000, start_date=20250228T033502, end_date=20250228T033505
[2025-02-28T03:35:05.170+0000] {local_task_job_runner.py:234} INFO - Task exited with return code 0
[2025-02-28T03:35:05.219+0000] {taskinstance.py:3280} INFO - 1 downstream tasks scheduled from follow-on schedule check
[2025-02-28T03:38:53.401+0000] {taskinstance.py:1956} INFO - Dependencies all met for dep_context=non-requeueable deps ti=<TaskInstance: crypto_etl_dag.extract_coingecko_file scheduled__2025-02-28T03:30:00+00:00 [queued]>
[2025-02-28T03:38:53.412+0000] {taskinstance.py:1956} INFO - Dependencies all met for dep_context=requeueable deps ti=<TaskInstance: crypto_etl_dag.extract_coingecko_file scheduled__2025-02-28T03:30:00+00:00 [queued]>
[2025-02-28T03:38:53.413+0000] {taskinstance.py:2170} INFO - Starting attempt 1 of 1
[2025-02-28T03:38:53.430+0000] {taskinstance.py:2191} INFO - Executing <Task(BashOperator): extract_coingecko_file> on 2025-02-28 03:30:00+00:00
[2025-02-28T03:38:53.436+0000] {standard_task_runner.py:60} INFO - Started process 368 to run task
[2025-02-28T03:38:53.441+0000] {standard_task_runner.py:87} INFO - Running: ['***', 'tasks', 'run', 'crypto_etl_dag', 'extract_coingecko_file', 'scheduled__2025-02-28T03:30:00+00:00', '--job-id', '11', '--raw', '--subdir', 'DAGS_FOLDER/crypto_etl_dag.py', '--cfg-path', '/tmp/tmpo_wgt9pb']
[2025-02-28T03:38:53.446+0000] {standard_task_runner.py:88} INFO - Job 11: Subtask extract_coingecko_file
[2025-02-28T03:38:53.513+0000] {task_command.py:423} INFO - Running <TaskInstance: crypto_etl_dag.extract_coingecko_file scheduled__2025-02-28T03:30:00+00:00 [running]> on host 335ace54b661
[2025-02-28T03:38:53.607+0000] {taskinstance.py:2480} INFO - Exporting env vars: AIRFLOW_CTX_DAG_OWNER='***' AIRFLOW_CTX_DAG_ID='crypto_etl_dag' AIRFLOW_CTX_TASK_ID='extract_coingecko_file' AIRFLOW_CTX_EXECUTION_DATE='2025-02-28T03:30:00+00:00' AIRFLOW_CTX_TRY_NUMBER='1' AIRFLOW_CTX_DAG_RUN_ID='scheduled__2025-02-28T03:30:00+00:00'
[2025-02-28T03:38:53.611+0000] {subprocess.py:63} INFO - Tmp dir root location: /tmp
[2025-02-28T03:38:53.613+0000] {subprocess.py:75} INFO - Running command: ['/usr/bin/bash', '-c', 'python /opt/***/dags/scripts/extract_coingecko.py']
[2025-02-28T03:38:53.625+0000] {subprocess.py:86} INFO - Output:
[2025-02-28T03:38:55.257+0000] {subprocess.py:93} INFO - [extract_coingecko] Đã lưu dữ liệu vào file 'coin_data.csv'
[2025-02-28T03:38:55.258+0000] {subprocess.py:93} INFO - Bucket 'coin-bucket' đã được tạo.
[2025-02-28T03:38:55.259+0000] {subprocess.py:93} INFO - [upload_minio] Đã upload file 'coin_data.csv' lên MinIO tại '2025/02/28/10-38-55.csv' (giờ VN)
[2025-02-28T03:38:55.360+0000] {subprocess.py:97} INFO - Command exited with return code 0
[2025-02-28T03:38:55.394+0000] {taskinstance.py:1138} INFO - Marking task as SUCCESS. dag_id=crypto_etl_dag, task_id=extract_coingecko_file, execution_date=20250228T033000, start_date=20250228T033853, end_date=20250228T033855
[2025-02-28T03:38:55.422+0000] {local_task_job_runner.py:234} INFO - Task exited with return code 0
[2025-02-28T03:38:55.446+0000] {taskinstance.py:3280} INFO - 1 downstream tasks scheduled from follow-on schedule check
