[2025-02-26T09:54:54.952+0000] {taskinstance.py:1956} INFO - Dependencies all met for dep_context=non-requeueable deps ti=<TaskInstance: crypto_etl_dag.load_to_postgres scheduled__2025-02-25T00:00:00+00:00 [queued]>
[2025-02-26T09:54:54.962+0000] {taskinstance.py:1956} INFO - Dependencies all met for dep_context=requeueable deps ti=<TaskInstance: crypto_etl_dag.load_to_postgres scheduled__2025-02-25T00:00:00+00:00 [queued]>
[2025-02-26T09:54:54.963+0000] {taskinstance.py:2170} INFO - Starting attempt 1 of 1
[2025-02-26T09:54:54.983+0000] {taskinstance.py:2191} INFO - Executing <Task(PythonOperator): load_to_postgres> on 2025-02-25 00:00:00+00:00
[2025-02-26T09:54:54.992+0000] {standard_task_runner.py:60} INFO - Started process 110 to run task
[2025-02-26T09:54:54.996+0000] {standard_task_runner.py:87} INFO - Running: ['***', 'tasks', 'run', 'crypto_etl_dag', 'load_to_postgres', 'scheduled__2025-02-25T00:00:00+00:00', '--job-id', '4', '--raw', '--subdir', 'DAGS_FOLDER/crypto_etl_dag.py', '--cfg-path', '/tmp/tmp8yexl4t0']
[2025-02-26T09:54:54.998+0000] {standard_task_runner.py:88} INFO - Job 4: Subtask load_to_postgres
[2025-02-26T09:54:55.078+0000] {task_command.py:423} INFO - Running <TaskInstance: crypto_etl_dag.load_to_postgres scheduled__2025-02-25T00:00:00+00:00 [running]> on host 5524d49e6913
[2025-02-26T09:54:55.196+0000] {taskinstance.py:2480} INFO - Exporting env vars: AIRFLOW_CTX_DAG_OWNER='***' AIRFLOW_CTX_DAG_ID='crypto_etl_dag' AIRFLOW_CTX_TASK_ID='load_to_postgres' AIRFLOW_CTX_EXECUTION_DATE='2025-02-25T00:00:00+00:00' AIRFLOW_CTX_TRY_NUMBER='1' AIRFLOW_CTX_DAG_RUN_ID='scheduled__2025-02-25T00:00:00+00:00'
[2025-02-26T09:54:55.202+0000] {taskinstance.py:2698} ERROR - Task failed with exception
Traceback (most recent call last):
  File "/home/airflow/.local/lib/python3.8/site-packages/airflow/models/taskinstance.py", line 433, in _execute_task
    result = execute_callable(context=context, **execute_callable_kwargs)
  File "/home/airflow/.local/lib/python3.8/site-packages/airflow/operators/python.py", line 199, in execute
    return_value = self.execute_callable()
  File "/home/airflow/.local/lib/python3.8/site-packages/airflow/operators/python.py", line 216, in execute_callable
    return self.python_callable(*self.op_args, **self.op_kwargs)
  File "/opt/airflow/dags/crypto_etl_dag.py", line 18, in load_task_func
    load_to_postgres(
  File "/opt/airflow/dags/scripts/load_to_postgres.py", line 20, in load_to_postgres
    conn = psycopg2.connect(
  File "/home/airflow/.local/lib/python3.8/site-packages/psycopg2/__init__.py", line 122, in connect
    conn = _connect(dsn, connection_factory=connection_factory, **kwasync)
psycopg2.OperationalError: connection to server at "postgres" (172.19.0.5), port 5432 failed: FATAL:  database "crypto" does not exist

[2025-02-26T09:54:55.220+0000] {taskinstance.py:1138} INFO - Marking task as FAILED. dag_id=crypto_etl_dag, task_id=load_to_postgres, execution_date=20250225T000000, start_date=20250226T095454, end_date=20250226T095455
[2025-02-26T09:54:55.235+0000] {standard_task_runner.py:107} ERROR - Failed to execute job 4 for task load_to_postgres (connection to server at "postgres" (172.19.0.5), port 5432 failed: FATAL:  database "crypto" does not exist
; 110)
[2025-02-26T09:54:55.249+0000] {local_task_job_runner.py:234} INFO - Task exited with return code 1
[2025-02-26T09:54:55.275+0000] {taskinstance.py:3280} INFO - 0 downstream tasks scheduled from follow-on schedule check
[2025-02-26T14:03:40.499+0000] {taskinstance.py:1956} INFO - Dependencies all met for dep_context=non-requeueable deps ti=<TaskInstance: crypto_etl_dag.load_to_postgres scheduled__2025-02-25T00:00:00+00:00 [queued]>
[2025-02-26T14:03:40.511+0000] {taskinstance.py:1956} INFO - Dependencies all met for dep_context=requeueable deps ti=<TaskInstance: crypto_etl_dag.load_to_postgres scheduled__2025-02-25T00:00:00+00:00 [queued]>
[2025-02-26T14:03:40.512+0000] {taskinstance.py:2170} INFO - Starting attempt 1 of 1
[2025-02-26T14:03:40.534+0000] {taskinstance.py:2191} INFO - Executing <Task(PythonOperator): load_to_postgres> on 2025-02-25 00:00:00+00:00
[2025-02-26T14:03:40.541+0000] {standard_task_runner.py:60} INFO - Started process 119 to run task
[2025-02-26T14:03:40.547+0000] {standard_task_runner.py:87} INFO - Running: ['***', 'tasks', 'run', 'crypto_etl_dag', 'load_to_postgres', 'scheduled__2025-02-25T00:00:00+00:00', '--job-id', '4', '--raw', '--subdir', 'DAGS_FOLDER/crypto_etl_dag.py', '--cfg-path', '/tmp/tmp9ox7y2qq']
[2025-02-26T14:03:40.551+0000] {standard_task_runner.py:88} INFO - Job 4: Subtask load_to_postgres
[2025-02-26T14:03:40.636+0000] {task_command.py:423} INFO - Running <TaskInstance: crypto_etl_dag.load_to_postgres scheduled__2025-02-25T00:00:00+00:00 [running]> on host 74ac31fd091a
[2025-02-26T14:03:40.744+0000] {taskinstance.py:2480} INFO - Exporting env vars: AIRFLOW_CTX_DAG_OWNER='***' AIRFLOW_CTX_DAG_ID='crypto_etl_dag' AIRFLOW_CTX_TASK_ID='load_to_postgres' AIRFLOW_CTX_EXECUTION_DATE='2025-02-25T00:00:00+00:00' AIRFLOW_CTX_TRY_NUMBER='1' AIRFLOW_CTX_DAG_RUN_ID='scheduled__2025-02-25T00:00:00+00:00'
[2025-02-26T14:03:40.806+0000] {logging_mixin.py:188} INFO - [load_to_postgres] Đã nạp dữ liệu từ '/opt/***/dags/coin_data.csv' vào bảng 'raw_coin_data' thành công.
[2025-02-26T14:03:40.808+0000] {python.py:201} INFO - Done. Returned value was: None
[2025-02-26T14:03:40.820+0000] {taskinstance.py:1138} INFO - Marking task as SUCCESS. dag_id=crypto_etl_dag, task_id=load_to_postgres, execution_date=20250225T000000, start_date=20250226T140340, end_date=20250226T140340
[2025-02-26T14:03:40.848+0000] {local_task_job_runner.py:234} INFO - Task exited with return code 0
[2025-02-26T14:03:40.875+0000] {taskinstance.py:3280} INFO - 1 downstream tasks scheduled from follow-on schedule check
[2025-02-26T14:57:20.008+0000] {taskinstance.py:1956} INFO - Dependencies all met for dep_context=non-requeueable deps ti=<TaskInstance: crypto_etl_dag.load_to_postgres scheduled__2025-02-25T00:00:00+00:00 [queued]>
[2025-02-26T14:57:20.020+0000] {taskinstance.py:1956} INFO - Dependencies all met for dep_context=requeueable deps ti=<TaskInstance: crypto_etl_dag.load_to_postgres scheduled__2025-02-25T00:00:00+00:00 [queued]>
[2025-02-26T14:57:20.021+0000] {taskinstance.py:2170} INFO - Starting attempt 1 of 1
[2025-02-26T14:57:20.041+0000] {taskinstance.py:2191} INFO - Executing <Task(PythonOperator): load_to_postgres> on 2025-02-25 00:00:00+00:00
[2025-02-26T14:57:20.050+0000] {standard_task_runner.py:60} INFO - Started process 111 to run task
[2025-02-26T14:57:20.057+0000] {standard_task_runner.py:87} INFO - Running: ['***', 'tasks', 'run', 'crypto_etl_dag', 'load_to_postgres', 'scheduled__2025-02-25T00:00:00+00:00', '--job-id', '8', '--raw', '--subdir', 'DAGS_FOLDER/crypto_etl_dag.py', '--cfg-path', '/tmp/tmpq08m7e_m']
[2025-02-26T14:57:20.060+0000] {standard_task_runner.py:88} INFO - Job 8: Subtask load_to_postgres
[2025-02-26T14:57:20.136+0000] {task_command.py:423} INFO - Running <TaskInstance: crypto_etl_dag.load_to_postgres scheduled__2025-02-25T00:00:00+00:00 [running]> on host ca409a95843a
[2025-02-26T14:57:20.251+0000] {taskinstance.py:2480} INFO - Exporting env vars: AIRFLOW_CTX_DAG_OWNER='***' AIRFLOW_CTX_DAG_ID='crypto_etl_dag' AIRFLOW_CTX_TASK_ID='load_to_postgres' AIRFLOW_CTX_EXECUTION_DATE='2025-02-25T00:00:00+00:00' AIRFLOW_CTX_TRY_NUMBER='1' AIRFLOW_CTX_DAG_RUN_ID='scheduled__2025-02-25T00:00:00+00:00'
[2025-02-26T14:57:20.327+0000] {logging_mixin.py:188} INFO - [load_to_postgres] Đã nạp dữ liệu từ '/opt/***/dags/coin_data.csv' vào bảng 'raw_coin_data' thành công.
[2025-02-26T14:57:20.328+0000] {python.py:201} INFO - Done. Returned value was: None
[2025-02-26T14:57:20.348+0000] {taskinstance.py:1138} INFO - Marking task as SUCCESS. dag_id=crypto_etl_dag, task_id=load_to_postgres, execution_date=20250225T000000, start_date=20250226T145720, end_date=20250226T145720
[2025-02-26T14:57:20.395+0000] {local_task_job_runner.py:234} INFO - Task exited with return code 0
[2025-02-26T14:57:20.425+0000] {taskinstance.py:3280} INFO - 1 downstream tasks scheduled from follow-on schedule check
