[2025-02-27T07:25:55.933+0000] {taskinstance.py:1956} INFO - Dependencies all met for dep_context=non-requeueable deps ti=<TaskInstance: crypto_etl_dag.load_to_postgres_file manual__2025-02-27T07:25:48.144083+00:00 [queued]>
[2025-02-27T07:25:55.943+0000] {taskinstance.py:1956} INFO - Dependencies all met for dep_context=requeueable deps ti=<TaskInstance: crypto_etl_dag.load_to_postgres_file manual__2025-02-27T07:25:48.144083+00:00 [queued]>
[2025-02-27T07:25:55.944+0000] {taskinstance.py:2170} INFO - Starting attempt 1 of 1
[2025-02-27T07:25:55.959+0000] {taskinstance.py:2191} INFO - Executing <Task(BashOperator): load_to_postgres_file> on 2025-02-27 07:25:48.144083+00:00
[2025-02-27T07:25:55.967+0000] {standard_task_runner.py:60} INFO - Started process 1839 to run task
[2025-02-27T07:25:55.970+0000] {standard_task_runner.py:87} INFO - Running: ['***', 'tasks', 'run', 'crypto_etl_dag', 'load_to_postgres_file', 'manual__2025-02-27T07:25:48.144083+00:00', '--job-id', '38', '--raw', '--subdir', 'DAGS_FOLDER/crypto_etl_dag.py', '--cfg-path', '/tmp/tmpf0ai2geb']
[2025-02-27T07:25:55.974+0000] {standard_task_runner.py:88} INFO - Job 38: Subtask load_to_postgres_file
[2025-02-27T07:25:56.037+0000] {task_command.py:423} INFO - Running <TaskInstance: crypto_etl_dag.load_to_postgres_file manual__2025-02-27T07:25:48.144083+00:00 [running]> on host d7538f12d10b
[2025-02-27T07:25:56.131+0000] {taskinstance.py:2480} INFO - Exporting env vars: AIRFLOW_CTX_DAG_OWNER='***' AIRFLOW_CTX_DAG_ID='crypto_etl_dag' AIRFLOW_CTX_TASK_ID='load_to_postgres_file' AIRFLOW_CTX_EXECUTION_DATE='2025-02-27T07:25:48.144083+00:00' AIRFLOW_CTX_TRY_NUMBER='1' AIRFLOW_CTX_DAG_RUN_ID='manual__2025-02-27T07:25:48.144083+00:00'
[2025-02-27T07:25:56.137+0000] {subprocess.py:63} INFO - Tmp dir root location: /tmp
[2025-02-27T07:25:56.138+0000] {subprocess.py:75} INFO - Running command: ['/usr/bin/bash', '-c', 'python /opt/***/dags/scripts/load_to_postgres.py']
[2025-02-27T07:25:56.153+0000] {subprocess.py:86} INFO - Output:
[2025-02-27T07:25:57.327+0000] {subprocess.py:93} INFO - [INFO] Đã tải file '2025/02/27/07-25-53.csv' từ MinIO
[2025-02-27T07:25:57.328+0000] {subprocess.py:93} INFO - [INFO] Đã nạp dữ liệu vào bảng 'raw_coin_data' trong PostgreSQL thành công.
[2025-02-27T07:25:57.328+0000] {subprocess.py:93} INFO - [ERROR] Lỗi khi cập nhật danh sách file đã xử lý: relation "processed_files" does not exist
[2025-02-27T07:25:57.329+0000] {subprocess.py:93} INFO - LINE 1: INSERT INTO processed_files (file_name) VALUES ('2025/02/27/...
[2025-02-27T07:25:57.329+0000] {subprocess.py:93} INFO -                     ^
[2025-02-27T07:25:57.329+0000] {subprocess.py:93} INFO - 
[2025-02-27T07:25:57.330+0000] {subprocess.py:93} INFO - [INFO] Quá trình ETL hoàn tất. Đã xử lý 1 file mới từ MinIO.
[2025-02-27T07:25:57.403+0000] {subprocess.py:97} INFO - Command exited with return code 0
[2025-02-27T07:25:57.429+0000] {taskinstance.py:1138} INFO - Marking task as SUCCESS. dag_id=crypto_etl_dag, task_id=load_to_postgres_file, execution_date=20250227T072548, start_date=20250227T072555, end_date=20250227T072557
[2025-02-27T07:25:57.479+0000] {local_task_job_runner.py:234} INFO - Task exited with return code 0
[2025-02-27T07:25:57.497+0000] {taskinstance.py:3280} INFO - 0 downstream tasks scheduled from follow-on schedule check
