[2025-02-26T14:03:43.150+0000] {taskinstance.py:1956} INFO - Dependencies all met for dep_context=non-requeueable deps ti=<TaskInstance: crypto_etl_dag.dbt_run scheduled__2025-02-25T00:00:00+00:00 [queued]>
[2025-02-26T14:03:43.165+0000] {taskinstance.py:1956} INFO - Dependencies all met for dep_context=requeueable deps ti=<TaskInstance: crypto_etl_dag.dbt_run scheduled__2025-02-25T00:00:00+00:00 [queued]>
[2025-02-26T14:03:43.165+0000] {taskinstance.py:2170} INFO - Starting attempt 1 of 1
[2025-02-26T14:03:43.186+0000] {taskinstance.py:2191} INFO - Executing <Task(PythonOperator): dbt_run> on 2025-02-25 00:00:00+00:00
[2025-02-26T14:03:43.195+0000] {standard_task_runner.py:60} INFO - Started process 122 to run task
[2025-02-26T14:03:43.200+0000] {standard_task_runner.py:87} INFO - Running: ['***', 'tasks', 'run', 'crypto_etl_dag', 'dbt_run', 'scheduled__2025-02-25T00:00:00+00:00', '--job-id', '5', '--raw', '--subdir', 'DAGS_FOLDER/crypto_etl_dag.py', '--cfg-path', '/tmp/tmp49d03l5w']
[2025-02-26T14:03:43.202+0000] {standard_task_runner.py:88} INFO - Job 5: Subtask dbt_run
[2025-02-26T14:03:43.271+0000] {task_command.py:423} INFO - Running <TaskInstance: crypto_etl_dag.dbt_run scheduled__2025-02-25T00:00:00+00:00 [running]> on host 74ac31fd091a
[2025-02-26T14:03:43.363+0000] {taskinstance.py:2480} INFO - Exporting env vars: AIRFLOW_CTX_DAG_OWNER='***' AIRFLOW_CTX_DAG_ID='crypto_etl_dag' AIRFLOW_CTX_TASK_ID='dbt_run' AIRFLOW_CTX_EXECUTION_DATE='2025-02-25T00:00:00+00:00' AIRFLOW_CTX_TRY_NUMBER='1' AIRFLOW_CTX_DAG_RUN_ID='scheduled__2025-02-25T00:00:00+00:00'
[2025-02-26T14:03:43.378+0000] {taskinstance.py:2698} ERROR - Task failed with exception
Traceback (most recent call last):
  File "/home/airflow/.local/lib/python3.8/site-packages/airflow/models/taskinstance.py", line 433, in _execute_task
    result = execute_callable(context=context, **execute_callable_kwargs)
  File "/home/airflow/.local/lib/python3.8/site-packages/airflow/operators/python.py", line 199, in execute
    return_value = self.execute_callable()
  File "/home/airflow/.local/lib/python3.8/site-packages/airflow/operators/python.py", line 216, in execute_callable
    return self.python_callable(*self.op_args, **self.op_kwargs)
  File "/opt/airflow/dags/crypto_etl_dag.py", line 31, in dbt_run_task_func
    subprocess.run(cmd, check=True)
  File "/usr/local/lib/python3.8/subprocess.py", line 493, in run
    with Popen(*popenargs, **kwargs) as process:
  File "/usr/local/lib/python3.8/subprocess.py", line 858, in __init__
    self._execute_child(args, executable, preexec_fn, close_fds,
  File "/usr/local/lib/python3.8/subprocess.py", line 1720, in _execute_child
    raise child_exception_type(errno_num, err_msg, err_filename)
PermissionError: [Errno 13] Permission denied: 'dbt'
[2025-02-26T14:03:43.401+0000] {taskinstance.py:1138} INFO - Marking task as FAILED. dag_id=crypto_etl_dag, task_id=dbt_run, execution_date=20250225T000000, start_date=20250226T140343, end_date=20250226T140343
[2025-02-26T14:03:43.420+0000] {standard_task_runner.py:107} ERROR - Failed to execute job 5 for task dbt_run ([Errno 13] Permission denied: 'dbt'; 122)
[2025-02-26T14:03:43.454+0000] {local_task_job_runner.py:234} INFO - Task exited with return code 1
[2025-02-26T14:03:43.474+0000] {taskinstance.py:3280} INFO - 0 downstream tasks scheduled from follow-on schedule check
[2025-02-26T14:57:22.428+0000] {taskinstance.py:1956} INFO - Dependencies all met for dep_context=non-requeueable deps ti=<TaskInstance: crypto_etl_dag.dbt_run scheduled__2025-02-25T00:00:00+00:00 [queued]>
[2025-02-26T14:57:22.440+0000] {taskinstance.py:1956} INFO - Dependencies all met for dep_context=requeueable deps ti=<TaskInstance: crypto_etl_dag.dbt_run scheduled__2025-02-25T00:00:00+00:00 [queued]>
[2025-02-26T14:57:22.441+0000] {taskinstance.py:2170} INFO - Starting attempt 1 of 1
[2025-02-26T14:57:22.461+0000] {taskinstance.py:2191} INFO - Executing <Task(PythonOperator): dbt_run> on 2025-02-25 00:00:00+00:00
[2025-02-26T14:57:22.469+0000] {standard_task_runner.py:60} INFO - Started process 114 to run task
[2025-02-26T14:57:22.474+0000] {standard_task_runner.py:87} INFO - Running: ['***', 'tasks', 'run', 'crypto_etl_dag', 'dbt_run', 'scheduled__2025-02-25T00:00:00+00:00', '--job-id', '9', '--raw', '--subdir', 'DAGS_FOLDER/crypto_etl_dag.py', '--cfg-path', '/tmp/tmp083fgcoz']
[2025-02-26T14:57:22.476+0000] {standard_task_runner.py:88} INFO - Job 9: Subtask dbt_run
[2025-02-26T14:57:22.559+0000] {task_command.py:423} INFO - Running <TaskInstance: crypto_etl_dag.dbt_run scheduled__2025-02-25T00:00:00+00:00 [running]> on host ca409a95843a
[2025-02-26T14:57:22.661+0000] {taskinstance.py:2480} INFO - Exporting env vars: AIRFLOW_CTX_DAG_OWNER='***' AIRFLOW_CTX_DAG_ID='crypto_etl_dag' AIRFLOW_CTX_TASK_ID='dbt_run' AIRFLOW_CTX_EXECUTION_DATE='2025-02-25T00:00:00+00:00' AIRFLOW_CTX_TRY_NUMBER='1' AIRFLOW_CTX_DAG_RUN_ID='scheduled__2025-02-25T00:00:00+00:00'
[2025-02-26T14:57:22.678+0000] {taskinstance.py:2698} ERROR - Task failed with exception
Traceback (most recent call last):
  File "/home/airflow/.local/lib/python3.8/site-packages/airflow/models/taskinstance.py", line 433, in _execute_task
    result = execute_callable(context=context, **execute_callable_kwargs)
  File "/home/airflow/.local/lib/python3.8/site-packages/airflow/operators/python.py", line 199, in execute
    return_value = self.execute_callable()
  File "/home/airflow/.local/lib/python3.8/site-packages/airflow/operators/python.py", line 216, in execute_callable
    return self.python_callable(*self.op_args, **self.op_kwargs)
  File "/opt/airflow/dags/crypto_etl_dag.py", line 31, in dbt_run_task_func
    subprocess.run(cmd, check=True)
  File "/usr/local/lib/python3.8/subprocess.py", line 493, in run
    with Popen(*popenargs, **kwargs) as process:
  File "/usr/local/lib/python3.8/subprocess.py", line 858, in __init__
    self._execute_child(args, executable, preexec_fn, close_fds,
  File "/usr/local/lib/python3.8/subprocess.py", line 1720, in _execute_child
    raise child_exception_type(errno_num, err_msg, err_filename)
PermissionError: [Errno 13] Permission denied: 'dbt'
[2025-02-26T14:57:22.696+0000] {taskinstance.py:1138} INFO - Marking task as FAILED. dag_id=crypto_etl_dag, task_id=dbt_run, execution_date=20250225T000000, start_date=20250226T145722, end_date=20250226T145722
[2025-02-26T14:57:22.716+0000] {standard_task_runner.py:107} ERROR - Failed to execute job 9 for task dbt_run ([Errno 13] Permission denied: 'dbt'; 114)
[2025-02-26T14:57:22.728+0000] {local_task_job_runner.py:234} INFO - Task exited with return code 1
[2025-02-26T14:57:22.755+0000] {taskinstance.py:3280} INFO - 0 downstream tasks scheduled from follow-on schedule check
